[debug] [2018-06-10T03:44:18.679Z] ----------------------------------------------------------------------
[debug] [2018-06-10T03:44:18.681Z] Command:       C:\Program Files\nodejs\node.exe C:\Users\Muiz Mahdi\AppData\Roaming\npm\node_modules\firebase-tools\bin\firebase init
[debug] [2018-06-10T03:44:18.682Z] CLI Version:   3.18.6
[debug] [2018-06-10T03:44:18.682Z] Platform:      win32
[debug] [2018-06-10T03:44:18.682Z] Node Version:  v8.9.3
[debug] [2018-06-10T03:44:18.682Z] Time:          Sun Jun 10 2018 06:44:18 GMT+0300 (E. Africa Standard Time)
[debug] [2018-06-10T03:44:18.682Z] ----------------------------------------------------------------------
[debug] 
[debug] [2018-06-10T03:44:18.696Z] > command requires scopes: ["email","openid","https://www.googleapis.com/auth/cloudplatformprojects.readonly","https://www.googleapis.com/auth/firebase"]
[debug] [2018-06-10T03:44:18.696Z] > authorizing via signed-in user
[info] 
     ######## #### ########  ######## ########     ###     ######  ########
     ##        ##  ##     ## ##       ##     ##  ##   ##  ##       ##
     ######    ##  ########  ######   ########  #########  ######  ######
     ##        ##  ##    ##  ##       ##     ## ##     ##       ## ##
     ##       #### ##     ## ######## ########  ##     ##  ######  ########

You're about to initialize a Firebase project in this directory:

  C:\Users\Muiz Mahdi\projects\Recipe

[info] 
=== Project Setup
[info] 
[info] First, let's associate this project directory with a Firebase project.
[info] You can create multiple project aliases by running firebase use --add, 
[info] but for now we'll just set up a default project.
[info] 
[debug] [2018-06-10T03:44:58.540Z] > refreshing access token with scopes: ["email","https://www.googleapis.com/auth/cloudplatformprojects.readonly","https://www.googleapis.com/auth/firebase","openid"]
[debug] [2018-06-10T03:44:58.540Z] >>> HTTP REQUEST POST https://www.googleapis.com/oauth2/v3/token  
 { refresh_token: '1/Nw9A0r3P7bRWqio1DgSrSBukgfA8hUvDckt2bsucfqU',
  client_id: '563584335869-fgrhgmd47bqnekij5i8b5pr03ho849e6.apps.googleusercontent.com',
  client_secret: 'j9iVZfS8kkCEFUPaAeJV0sAi',
  grant_type: 'refresh_token',
  scope: 'email https://www.googleapis.com/auth/cloudplatformprojects.readonly https://www.googleapis.com/auth/firebase openid' } 
 Sun Jun 10 2018 06:44:58 GMT+0300 (E. Africa Standard Time)
[debug] [2018-06-10T03:45:04.178Z] <<< HTTP RESPONSE 200
[debug] [2018-06-10T03:45:04.205Z] >>> HTTP REQUEST GET https://admin.firebase.com/v1/projects  
  
 Sun Jun 10 2018 06:45:04 GMT+0300 (E. Africa Standard Time)
[debug] [2018-06-10T03:45:28.816Z] Error: connect ETIMEDOUT 104.197.85.31:443
    at Object._errnoException (util.js:1024:11)
    at _exceptionWithHostPort (util.js:1046:20)
    at TCPConnectWrap.afterConnect [as oncomplete] (net.js:1182:14)
[error] 
[error] Error: Server Error. connect ETIMEDOUT 104.197.85.31:443
